  debug.cpp
  image_png.cpp
  keyboard.cpp
  mouse.cpp
  NFont.cpp
  SDL_FontCache.cpp
C:\Users\usuari\Documents\ENGINYERIA INFORMATICA\MP\MP-Curs-24-25\projecte\codi_lliurament_final\0. C++ Code\Graphic Lib\NFont\SDL_FontCache.cpp(205,25): warning C4309: '=': truncamiento de valor constante
C:\Users\usuari\Documents\ENGINYERIA INFORMATICA\MP\MP-Curs-24-25\projecte\codi_lliurament_final\0. C++ Code\Graphic Lib\NFont\SDL_FontCache.cpp(216,25): warning C4309: '=': truncamiento de valor constante
  sound.cpp
  sprites.cpp
  stb_vorbis.cpp
  video.cpp
  GraphicManager.cpp
C:\Users\usuari\Documents\ENGINYERIA INFORMATICA\MP\MP-Curs-24-25\projecte\codi_lliurament_final\0. C++ Code\Logic Game\GraphicManager.cpp(29,37): warning C4244: 'argumento': conversión de 'float' a 'int'; posible pérdida de datos
C:\Users\usuari\Documents\ENGINYERIA INFORMATICA\MP\MP-Curs-24-25\projecte\codi_lliurament_final\0. C++ Code\Logic Game\GraphicManager.cpp(29,31): warning C4244: 'argumento': conversión de 'float' a 'int'; posible pérdida de datos
  joc.cpp
C:\Users\usuari\Documents\ENGINYERIA INFORMATICA\MP\MP-Curs-24-25\projecte\codi_lliurament_final\0. C++ Code\Logic Game\joc.cpp(44,71): warning C4244: 'argumento': conversión de 'int' a 'float'; posible pérdida de datos
C:\Users\usuari\Documents\ENGINYERIA INFORMATICA\MP\MP-Curs-24-25\projecte\codi_lliurament_final\0. C++ Code\Logic Game\joc.cpp(44,65): warning C4244: 'argumento': conversión de 'int' a 'float'; posible pérdida de datos
C:\Users\usuari\Documents\ENGINYERIA INFORMATICA\MP\MP-Curs-24-25\projecte\codi_lliurament_final\0. C++ Code\Logic Game\joc.cpp(49,77): warning C4305: 'argumento': truncamiento de 'double' a 'float'
C:\Users\usuari\Documents\ENGINYERIA INFORMATICA\MP\MP-Curs-24-25\projecte\codi_lliurament_final\0. C++ Code\Logic Game\joc.cpp(49,67): warning C4244: 'argumento': conversión de 'int' a 'float'; posible pérdida de datos
C:\Users\usuari\Documents\ENGINYERIA INFORMATICA\MP\MP-Curs-24-25\projecte\codi_lliurament_final\0. C++ Code\Logic Game\joc.cpp(49,57): warning C4244: 'argumento': conversión de 'int' a 'float'; posible pérdida de datos
  main.cpp
  Generando código...
  MP_Practica.vcxproj -> C:\Users\usuari\Documents\ENGINYERIA INFORMATICA\MP\MP-Curs-24-25\projecte\codi_lliurament_final\2. Platforms\0. Windows Desktop\Program\MP_Practica.exe
